INFO:root:Loading data...
INFO:root:Testing with 1 layer(s) and 3 nodes per layer
INFO:root:Creating neural network...
INFO:root:Training neural network...
INFO:root:Weights learned: [ 3.03198903486  1.34536649641  1.48843095004  -0.463709436234  -3.91945516234  7.91869851039  9.54561275684  6.60561110115  1.27884202626  -6.56648338581  6.63031706068  9.47910776198  6.78051509418  0.582977216958  -7.36963411075  1.88906807277  2.11289966418  2.04792460811  -1.55671567977 ]
INFO:root:Testing accuracy...
INFO:root:Number of correct delayed flight predictions was: 1465
INFO:root:Number of incorrrect delay flight predictions was: 60
INFO:root:Number of correct on time flight predictions was: 219
INFO:root:Number of incorrect on time flight predictions was: 1306
INFO:root:Average accuracy was: 0.552
INFO:root:Average error was: 0.448
INFO:root:Testing with 1 layer(s) and 4 nodes per layer
INFO:root:Creating neural network...
INFO:root:Training neural network...
INFO:root:Weights learned: [ -0.758400502373  -0.913250476464  -0.663595135729  -0.426566151259  -2.69148013326  -9.01159757052  -0.656470432333  -0.785487047266  -0.290602077283  0.172082751586  2.62942097983  3.08358416398  2.55102844782  0.167013733359  -5.2049242714  6.71716923024  14.325728034  10.3247750517  1.24001866935  -9.48555033215  -0.743971645134  -4.68982198621  2.00480266316  2.86800595273  -0.389239876152 ]
INFO:root:Testing accuracy...
INFO:root:Number of correct delayed flight predictions was: 1459
INFO:root:Number of incorrrect delay flight predictions was: 66
INFO:root:Number of correct on time flight predictions was: 230
INFO:root:Number of incorrect on time flight predictions was: 1295
INFO:root:Average accuracy was: 0.554
INFO:root:Average error was: 0.446
INFO:root:Testing with 1 layer(s) and 5 nodes per layer
INFO:root:Creating neural network...
INFO:root:Training neural network...
INFO:root:Weights learned: [ 1.38157896952  1.8817898249  1.87655140499  -0.143733542164  -4.49364903226  6.49093673714  14.4321379825  10.0425604424  0.421404558081  -9.50547955586  -12.7656589252  -1.43890030816  -1.97628126692  -1.03506301286  1.10720677233  1.45561740428  2.36823082588  1.71437448907  -0.307825457814  -4.48702671846  -2.80495808652  -1.16495765484  -1.02297109137  -0.679514182433  -2.18693942802  1.4056113888  3.38838949719  -5.52014422659  1.52229356611  -1.5193630199  -0.455231130666 ]
INFO:root:Testing accuracy...
INFO:root:Number of correct delayed flight predictions was: 1462
INFO:root:Number of incorrrect delay flight predictions was: 63
INFO:root:Number of correct on time flight predictions was: 226
INFO:root:Number of incorrect on time flight predictions was: 1299
INFO:root:Average accuracy was: 0.553
INFO:root:Average error was: 0.447
INFO:root:Testing with 1 layer(s) and 6 nodes per layer
INFO:root:Creating neural network...
INFO:root:Training neural network...
INFO:root:Weights learned: [ 1.72015232785  3.48542494059  2.33799683334  -0.267737969332  -4.78421961111  -14.2225107484  -2.27696489057  -2.90039522019  -0.167005758574  1.46871434838  -1.28504200004  -1.72071467268  -1.40944004024  -0.81062320237  -2.07958524896  0.215615630535  -0.0561030879386  -0.176192093232  -0.0724385355908  -3.38560021004  6.60265246757  13.286124654  9.4267911416  0.424951871125  -9.38768268081  1.46440564985  2.43409336114  1.24725169373  -0.231262610979  -4.35547123099  1.9214357283  -5.56868345908  -1.28409224961  0.0828732459246  4.12456598505  1.43849822213  -0.506826790149 ]
INFO:root:Testing accuracy...
INFO:root:Number of correct delayed flight predictions was: 1459
INFO:root:Number of incorrrect delay flight predictions was: 66
INFO:root:Number of correct on time flight predictions was: 234
INFO:root:Number of incorrect on time flight predictions was: 1291
INFO:root:Average accuracy was: 0.555
INFO:root:Average error was: 0.445
INFO:root:Testing with 1 layer(s) and 7 nodes per layer
INFO:root:Creating neural network...
INFO:root:Training neural network...
INFO:root:Weights learned: [ 5.45443698928  12.8588884337  9.25204718808  0.242548717453  -8.75124985964  -10.7377645109  -1.0223867391  -1.47752634474  -0.520599123861  0.431096148607  1.54738944225  1.37096835643  1.49338533612  -0.639341365661  -4.36274417227  -1.20590215301  -0.944465902058  -0.876522734195  -0.488565908702  -2.57249847351  0.388882610933  -0.129330207242  0.167224167871  -0.827630954248  -3.30892145322  -7.55555212921  -1.68379599703  -1.0123040981  -0.859276130885  -0.605683177278  3.05160256538  6.86790330989  4.88720072967  0.390668966205  -6.44729950911  3.41036413643  -4.79028026396  1.13588524107  -0.884823638604  0.136202612154  -3.48070662237  2.91480110877  -0.409861927797 ]
INFO:root:Testing accuracy...
INFO:root:Number of correct delayed flight predictions was: 1460
INFO:root:Number of incorrrect delay flight predictions was: 65
INFO:root:Number of correct on time flight predictions was: 229
INFO:root:Number of incorrect on time flight predictions was: 1296
INFO:root:Average accuracy was: 0.554
INFO:root:Average error was: 0.446
INFO:root:Testing with 1 layer(s) and 8 nodes per layer
INFO:root:Creating neural network...
INFO:root:Training neural network...
INFO:root:Weights learned: [ -0.282567008258  -0.445510414546  -0.0749560970556  0.0213248259992  -3.21929610872  0.661457181425  1.16448400691  0.326263935334  -0.263169683009  -3.76864901539  5.21119006706  10.5155199489  7.75911821356  -0.110413898881  -8.05286971394  1.83187688042  2.91117403553  2.4235541723  -0.404776903666  -4.82093450426  -2.28424361447  -1.76538238789  -0.780906108803  -0.507535194648  -2.21772052228  -13.5090613032  -1.03383967462  -2.02662297614  -1.1578530432  1.12074485054  3.45850472442  7.56522538327  5.33785327753  0.131080395713  -6.61710033695  2.50859604932  5.49726767306  4.00366756503  -0.161648077733  -5.68671963105  -0.11142803942  0.799368965099  3.9753445619  1.75922536293  -1.39411146861  -5.45278849322  3.27724980968  2.66014743133  -0.719059487702 ]
INFO:root:Testing accuracy...
INFO:root:Number of correct delayed flight predictions was: 1458
INFO:root:Number of incorrrect delay flight predictions was: 67
INFO:root:Number of correct on time flight predictions was: 238
INFO:root:Number of incorrect on time flight predictions was: 1287
INFO:root:Average accuracy was: 0.556
INFO:root:Average error was: 0.444
INFO:root:Testing with 1 layer(s) and 9 nodes per layer
INFO:root:Creating neural network...
INFO:root:Training neural network...
INFO:root:Weights learned: [ -12.3898701585  -1.23993000785  -1.46025989276  -0.371444296204  0.748078123197  4.56600886017  10.328103611  7.3033660054  0.554841498371  -7.80618949637  1.79544937336  3.24585236219  2.15006209413  -0.52047372398  -4.74832014134  4.17571647155  8.84788561675  6.92922888572  0.428908268586  -7.44100020247  1.77663877697  2.6255076634  1.7474485816  -0.665205270928  -4.59776821491  1.74389079748  2.06891311175  1.99284719384  -0.714730713396  -4.60361230865  -1.1516859825  -0.474659424069  -0.872903098962  -0.455253686162  -2.76002224906  0.690235387398  1.3577564734  0.493412926009  -0.114720941612  -3.84182011513  -3.53089172331  -1.30553000161  -1.45257060705  -0.179933722997  -2.09667466891  -5.26353034678  3.64937569572  1.8269736929  3.4079127496  1.58214486518  1.44392012568  -0.618806383273  0.945432131543  -1.7986924812  -0.679806109767 ]
INFO:root:Testing accuracy...
INFO:root:Number of correct delayed flight predictions was: 1459
INFO:root:Number of incorrrect delay flight predictions was: 66
INFO:root:Number of correct on time flight predictions was: 237
INFO:root:Number of incorrect on time flight predictions was: 1288
INFO:root:Average accuracy was: 0.556
INFO:root:Average error was: 0.444
INFO:root:Testing with 1 layer(s) and 10 nodes per layer
INFO:root:Creating neural network...
INFO:root:Training neural network...
INFO:root:Weights learned: [ -1.41620993405  -1.59766755057  -0.384804233407  -0.375225536372  -2.47720678226  5.03168245072  10.7829377406  8.12193507511  0.410629010606  -8.17841302474  2.32366806176  3.99224883256  3.5693014371  0.0430163468483  -5.46589319656  0.413635469166  0.181266805461  0.505576306378  -0.134080272353  -3.62922131535  1.6202975767  2.66243962033  1.38915074772  -0.475080785234  -4.46469691013  -0.80491817666  -0.280677227345  -0.908251289764  -0.793483854843  -2.78415496417  1.88687690286  3.49611705689  2.35862360944  -0.610019202149  -4.82767680648  -1.38866268284  -1.08342718054  -1.10611690891  -0.687927097255  -2.4270173484  -12.8849935916  -1.00816517351  -1.51464409454  -0.545263629974  0.799100794512  3.414725644  7.6471851832  5.30168677283  0.0954853421694  -6.60488742701  -1.06717348442  3.77141888835  2.24199982598  0.419699450298  1.54642492098  -0.448212973907  1.91842714486  -1.00477421857  -5.34827116713  3.20480139201  -0.688513965689 ]
INFO:root:Testing accuracy...
INFO:root:Number of correct delayed flight predictions was: 1458
INFO:root:Number of incorrrect delay flight predictions was: 67
INFO:root:Number of correct on time flight predictions was: 237
INFO:root:Number of incorrect on time flight predictions was: 1288
INFO:root:Average accuracy was: 0.556
INFO:root:Average error was: 0.444
INFO:root:Testing with 2 layer(s) and 3 nodes per layer
INFO:root:Creating neural network...
INFO:root:Training neural network...
INFO:root:Weights learned: [ 5.05283772576  2.04365244704  1.39847144353  0.452227326408  -2.25531588609  8.21424423558  12.951081522  10.1830132039  0.659821644807  -10.4883688274  5.01912099027  3.4250779232  2.16575650834  0.519220791864  -3.94259785381  -1.12731307559  -5.32235291692  -1.50243348229  -0.232879597263  -1.26551621067  -5.58318380989  -1.01889677159  -0.0274913507268  -1.11710960129  -5.44774564627  -1.34865785238  -0.130469085848  -2.58098169767  -2.51090131345  -2.53024440496  1.36346260539 ]
INFO:root:Testing accuracy...
INFO:root:Number of correct delayed flight predictions was: 1462
INFO:root:Number of incorrrect delay flight predictions was: 63
INFO:root:Number of correct on time flight predictions was: 222
INFO:root:Number of incorrect on time flight predictions was: 1303
INFO:root:Average accuracy was: 0.552
INFO:root:Average error was: 0.448
INFO:root:Testing with 2 layer(s) and 4 nodes per layer
INFO:root:Creating neural network...
INFO:root:Training neural network...
INFO:root:Weights learned: [ 5.05972792581  7.5475107323  6.28913821736  -0.0688531133511  -7.24628310676  -8.61606689671  -0.265065365749  -0.133310516011  -0.146681988172  0.0255250636502  4.11516234157  5.08415593707  4.80652139188  0.132351617537  -6.23568308379  5.96746509127  10.2624957509  8.18939632117  0.563719119504  -8.49587797641  -1.75593065411  1.07925135754  -1.65138713888  -2.57024708735  -1.68832416357  -2.47373495667  2.77089993579  -1.57982218052  -3.26737760888  -1.4587644066  -3.53420082406  2.34118683777  -2.21187068532  -4.42814448891  0.337782621526  -2.05064827367  2.67852245077  -1.84234131716  -3.35498504119  -1.47206138556  -2.20163812565  -2.51658608765  -1.97433237191  -2.50486030873  1.75319353493 ]
INFO:root:Testing accuracy...
INFO:root:Number of correct delayed flight predictions was: 1455
INFO:root:Number of incorrrect delay flight predictions was: 70
INFO:root:Number of correct on time flight predictions was: 241
INFO:root:Number of incorrect on time flight predictions was: 1284
INFO:root:Average accuracy was: 0.556
INFO:root:Average error was: 0.444
INFO:root:Testing with 2 layer(s) and 5 nodes per layer
INFO:root:Creating neural network...
INFO:root:Training neural network...
INFO:root:Weights learned: [ 3.59483494761  2.58584372158  1.56635167011  -0.396453959839  -3.82482840952  7.67427723622  11.3675059418  9.80673119016  -0.00767310152932  -9.58534541529  1.41408724631  0.228924692674  0.183571433193  -0.0880543893668  -2.51799062824  6.47994731034  3.90728102461  2.28055210956  1.13792495603  -3.16489819176  4.47764847664  3.87183694861  2.92763274598  0.593962023025  -5.13947573339  -1.0988829167  -3.10591230761  -1.08480380448  -2.06936575423  -1.75827730833  -0.629901563003  -1.07942394092  -4.99243858486  0.35324892952  -0.536643493199  -1.48487430804  0.190168095739  -0.798465424958  -3.59430035676  -0.568277210763  -1.12493062897  -1.51400908402  -0.853979156234  -0.783590098708  -4.1531737939  -0.529835624157  -0.370956771062  -0.858962426263  -0.830316003108  -0.979558131238  -3.7787597162  -0.764554864891  -1.41624480128  -0.982168655456  -0.745654818496  -2.4880798577  -1.95013668314  -2.37156898569  -2.34454761805  -2.4020218982  1.58826628315 ]
INFO:root:Testing accuracy...
INFO:root:Number of correct delayed flight predictions was: 1460
INFO:root:Number of incorrrect delay flight predictions was: 65
INFO:root:Number of correct on time flight predictions was: 233
INFO:root:Number of incorrect on time flight predictions was: 1292
INFO:root:Average accuracy was: 0.555
INFO:root:Average error was: 0.445
INFO:root:Testing with 2 layer(s) and 6 nodes per layer
INFO:root:Creating neural network...
INFO:root:Training neural network...
INFO:root:Weights learned: [ 5.23962313573  4.09497034506  3.07817221367  -0.0219603869719  -4.78430114946  1.29132267318  0.1812389931  0.821510902392  -0.555548682333  -2.61140487924  0.00698645608413  -0.356281949993  -0.369201911027  -0.0519318651527  -2.22643948144  4.47042180152  3.36105985298  1.66689704179  0.599520246366  -3.66627304956  5.76349860343  6.09150288394  5.84237622919  0.0552268172946  -6.8002855983  7.03732972417  9.77982280396  7.97977194551  0.12842254906  -8.47962220084  -1.42951594614  -0.384312790444  -0.677112129472  -1.13355396764  -1.49146990498  -2.47816880941  -1.19728671053  -1.26010317177  -0.010451511978  0.442357398198  -0.546908777778  -2.48315262072  -3.56248928907  -0.678980755231  -0.829363772398  -0.306479892254  -0.2928053726  -1.22170279823  -1.85530242608  -3.61628970586  -0.753001235558  -1.54712978686  -0.598319196321  -0.0342445436262  -1.40829350822  -2.17753392146  -2.4513501324  -1.02048959961  -1.47996041347  -1.03876245494  -0.670084386535  -1.64601995816  -1.9168745903  -2.57750710277  -0.883118411075  -0.998589728319  -0.162905248855  0.279331827875  -0.599255682217  -2.36468906234  -3.46423698815  -0.805806961546  -2.15661576913  -1.99148254667  -2.11723099041  -2.19490303208  -2.17609927038  -2.07979742225  1.61914441853 ]
INFO:root:Testing accuracy...
INFO:root:Number of correct delayed flight predictions was: 1454
INFO:root:Number of incorrrect delay flight predictions was: 71
INFO:root:Number of correct on time flight predictions was: 240
INFO:root:Number of incorrect on time flight predictions was: 1285
INFO:root:Average accuracy was: 0.555
INFO:root:Average error was: 0.445
INFO:root:Testing with 2 layer(s) and 7 nodes per layer
INFO:root:Creating neural network...
INFO:root:Training neural network...
INFO:root:Weights learned: [ 4.98481790156  5.83931973405  4.33430940567  -0.228714254971  -5.85389881946  2.82175423781  1.81972045596  0.671677801346  0.564238155127  -3.17264822817  3.93411952306  3.68261699853  2.69603472337  -0.0308250837646  -4.59735653236  4.9031087234  4.66623403745  4.55331580976  -0.15486309252  -5.70948493888  5.48172324121  6.33898047124  5.74353558932  0.0199944449239  -6.55220220142  5.04902425746  5.14063046546  5.02943809859  -0.205759295754  -5.97554683594  2.90699957685  2.08496887325  1.56933985575  0.231161441432  -3.61720343643  -1.9130558182  -1.17873014211  -1.35354714208  -1.78736613683  -2.01205228227  -1.7588796432  -0.457083476064  -0.4171622343  -1.43971179939  -0.58866824367  -0.419350271923  -1.15302193171  -2.13605394256  -1.02443814436  -0.651778099599  -1.27388850535  -1.16448065195  -0.659204553216  -0.929063280139  -1.47381170288  -2.06378953798  -1.50394444026  -1.04947005878  -0.965268029894  -1.58560832689  -0.48986319903  -1.12744822032  -1.66596005004  -1.44570559366  -1.70133755642  -0.842632767018  -0.974701007367  -2.02364652975  -0.605952287821  -1.42552300998  -1.73700901764  -2.20875589141  -1.52900930273  -0.422988720504  -0.454353403632  -1.56564949642  -0.984672812944  -1.13634005013  -1.28086901905  -1.80967180184  -1.83592384922  -0.98621851523  -0.785182743262  -1.60806116285  -0.362993777519  -1.05044433074  -1.22490748891  -1.79985831879  -1.95200909323  -0.983668324971  -0.876414561935  -1.81497377153  -2.06904609265  -2.03331793312  -2.03255735249  -1.80232630229  -1.9859049329  -1.98684072485  1.82005139338 ]
INFO:root:Testing accuracy...
INFO:root:Number of correct delayed flight predictions was: 1449
INFO:root:Number of incorrrect delay flight predictions was: 76
INFO:root:Number of correct on time flight predictions was: 253
INFO:root:Number of incorrect on time flight predictions was: 1272
INFO:root:Average accuracy was: 0.558
INFO:root:Average error was: 0.442
INFO:root:Testing with 2 layer(s) and 8 nodes per layer
INFO:root:Creating neural network...
INFO:root:Training neural network...
INFO:root:Weights learned: [ 2.99140511982  1.73407083764  1.33353522038  -0.289216494  -3.32189886882  4.86459089964  5.60203601593  4.96945016005  -0.398956276407  -5.99750786912  -2.360894745  0.0104720241739  -0.508186526329  -0.530076233291  -1.26480202397  4.31045854709  4.25769609225  2.92916327564  -0.370824781373  -4.86356965022  3.47262767358  2.86434329326  1.51317375668  -0.269531422465  -3.73584977356  4.27096101687  3.88027876263  2.9287541146  0.164648964117  -4.87270171986  4.41509333787  4.63813560278  3.74991694962  0.197792450712  -5.39387165859  5.79266852005  6.9241449072  7.01166076065  0.383519401085  -7.20929568716  -1.01857241367  -1.36864017398  0.378517456989  -1.51293665238  -0.790093877064  -0.807253191067  -1.45147905383  -1.80179864602  -1.07789922144  -0.453193067735  -1.56939861568  -0.0615272827073  -0.789711067012  -0.748087862878  -1.43817032353  -0.820277339634  -2.38537535573  -1.04518534896  -0.889031909975  -1.64094953387  0.736598602727  -1.04471153961  -1.26532130045  -1.07598844552  -1.27410498453  -2.38275369829  -0.784444051474  -0.17501529432  -1.58588140812  0.313305616046  -1.18273962157  -0.224998281078  -1.21622018201  -1.4011491704  -2.26540068093  -1.03850886136  -0.497397178399  -1.8692287998  0.801684451921  -1.2449165306  -0.482186048554  -1.08449158473  -1.61022883818  -2.28544023472  -0.79529281807  -0.407261101268  -1.68766075512  0.373115473194  -1.02622666971  -0.755100830685  -1.39037011829  -1.58917047787  -1.60040376331  -1.10446095878  -0.995639365317  -1.65599110779  0.816619311695  -0.741936263328  -1.01774008098  -0.840433954092  -1.13195403817  -2.38493661268  -0.989162319627  -0.844959312403  -1.31931517704  0.703090005991  -1.5736374352  -1.17231813457  -0.838818803701  -1.08982051149  -1.68672467043  -1.18106449301  -1.86384332466  -1.86603829981  -1.80268967824  -1.86695842303  -1.78055073913  -1.85645863209  -1.90989495435  -1.90944841448  1.85735073029 ]
INFO:root:Testing accuracy...
INFO:root:Number of correct delayed flight predictions was: 1451
INFO:root:Number of incorrrect delay flight predictions was: 74
INFO:root:Number of correct on time flight predictions was: 252
INFO:root:Number of incorrect on time flight predictions was: 1273
INFO:root:Average accuracy was: 0.558
INFO:root:Average error was: 0.442
INFO:root:Testing with 2 layer(s) and 9 nodes per layer
INFO:root:Creating neural network...
INFO:root:Training neural network...
INFO:root:Weights learned: [ 1.33798309249  0.450169692117  0.403473840353  0.0173426189854  -2.51492039147  5.76414307691  6.5242841258  6.43576029551  -0.32808213978  -6.81185953648  3.54812340209  3.13262536327  1.97709029712  -0.403116080619  -3.92583243732  4.06623591304  3.68363905709  2.59192857649  -0.36422317268  -4.41874045349  2.71517168069  1.63779754828  1.59132934402  0.187458574542  -3.37184810216  1.93357221383  1.37209242607  0.780619415773  0.0114293173944  -2.88009035775  5.62033233323  6.83199616348  5.61398913953  0.0277907917179  -6.63988361662  2.5469928174  1.03473413429  1.30094489021  0.14748324857  -3.04513167014  4.67630651069  5.04369909956  4.24642465955  -0.261316936323  -5.56848009725  -0.0296999788565  -1.32506547827  -1.10476907396  -0.900585252652  -0.736627762503  -0.853772892353  -1.57129740134  -0.420826085117  -1.27537728181  -1.22560301767  -0.509382705042  -2.0903321886  -0.718159556678  -0.810804546092  -0.907364111496  -0.344431055033  -2.06198517414  -0.360262640495  -0.946621318807  -0.959742508113  -0.166555731118  -1.70824152695  -0.975356876585  -0.828482323046  -0.699808480793  -1.13573554904  -1.26209854558  -0.561621408518  -1.57184936975  -1.07576822223  -0.826841526066  -2.21908673875  -1.0564520999  -1.14337889469  -0.515188139791  -0.671768398081  -1.62407033965  -0.728379730113  -0.847575651172  -0.875839807799  -0.53373579756  -1.52287890623  -0.467903200464  -1.51692098262  -0.975377492669  -0.579604340851  -2.2567395737  -0.552629855651  -1.14913963439  -0.860373613632  -0.281316806294  -2.34591958072  -0.579552152001  -1.23736672312  -0.469396965739  -0.390169685838  -1.37779049924  -0.941372762329  -1.37649964219  -0.945102583435  -0.408120209691  -1.28274638442  -1.05284028265  -0.986279005616  -0.481879478433  -0.293973038475  -1.71194630682  -1.09423021556  -1.72240933463  -1.04797866559  0.278941833691  -2.23477624247  -0.937063450086  -0.713070620679  -0.225233105126  0.149529599963  -2.38504654841  -0.0826274408364  -1.74000486946  -0.851445023528  -0.804396001396  -2.25254338103  -0.701529093716  -0.624201509563  -0.69170449542  -0.5479632166  -2.03364184184  -0.339209976964  -1.67467946215  -0.696762568253  -1.8229489732  -1.82367719055  -1.80441071715  -1.801541805  -1.79588963659  -1.80600542135  -1.82529933026  -1.75897221697  -1.73263669406  1.86057176393 ]
INFO:root:Testing accuracy...
INFO:root:Number of correct delayed flight predictions was: 1446
INFO:root:Number of incorrrect delay flight predictions was: 79
INFO:root:Number of correct on time flight predictions was: 257
INFO:root:Number of incorrect on time flight predictions was: 1268
INFO:root:Average accuracy was: 0.558
INFO:root:Average error was: 0.442
INFO:root:Testing with 2 layer(s) and 10 nodes per layer
INFO:root:Creating neural network...
INFO:root:Training neural network...
INFO:root:Weights learned: [ 5.57784373186  6.93818679274  6.04351577428  0.0192185833362  -6.80553182638  3.70468754894  3.38493891474  2.32607064043  -0.358883573098  -4.23950736993  2.31194709368  1.15129771041  1.44988868519  -0.295669551033  -3.1238048804  3.16650382748  2.24180495262  1.58220704015  -0.360174579029  -3.47860878162  3.3739590067  2.64296519356  1.70492399396  0.215660773805  -3.75730335182  4.19265839995  3.0744667994  3.19591993407  -0.266330719788  -4.65610462958  1.4610127354  1.03361215327  -0.136293643073  -0.0558663525754  -2.41844513298  2.31405040195  1.3998640405  0.689579192023  0.107085050297  -2.88862113498  5.86794449422  7.47918477566  6.68554676435  0.39611703227  -7.23496794338  2.38373285802  1.58602586596  1.73722999792  0.321004575629  -3.42775408382  -1.8659582437  -0.444478866444  -0.620166915473  -0.754935391979  -1.09084121051  -0.88956776377  0.039461298857  -0.443699972476  -1.60546393338  -0.795147310158  -1.1509839178  -2.01005326493  -0.857475208722  -0.856002241238  -0.230134095058  -0.622109970887  -0.827611794463  -0.39231446198  -0.45229091836  -2.18274210794  0.124564891585  -1.04343323728  -2.12913039771  -0.991060112544  -0.657526910508  -0.712567911468  -0.479561705138  -0.789747942807  -0.77875369421  -0.407278217804  -2.55899079754  -0.0264312388384  -0.670063333061  -1.93947682445  -1.05898106663  -0.439201642391  -0.886014284244  -1.20185992086  -1.58258360541  -0.682716130757  -1.06491634744  -2.00771730043  -0.549337364711  -0.521344545072  -1.35849387414  -0.89007992706  -0.184276165533  -1.20100286235  -0.870729288121  -0.757146610259  -0.714811077616  -0.0239468617641  -1.49611164944  -1.20205900348  -1.19431315576  -1.48204180476  -1.19555105631  -0.260202788765  -0.153840224168  -0.45710854487  -1.00521280075  0.0490371408888  -0.759733149503  -2.35379473169  -0.851501769244  -1.02746905596  -2.03340489846  -0.590578673842  -0.334388341746  -0.69350005875  -0.627780531944  -0.508294581492  0.0927143105338  -0.290108409276  -1.40526062603  -0.960554238874  -1.34731996416  -2.10495071545  -0.37407314259  -0.937643550729  -0.776580290926  -0.846088165958  -0.967737647516  -0.773261421308  -0.171921561192  -2.12796121442  -0.399869325705  -0.830921235808  -1.88644576908  -1.15885634494  -0.413375279098  -0.748380172309  -0.289411804594  -0.376992320641  0.102065281903  -0.879369777955  -1.61498340862  -0.786523082059  -1.20767720968  -1.31680188326  -1.05272752516  -0.296125271475  -0.598797808966  -0.795425909171  -1.36071009717  -0.691091538507  -0.607821036679  -2.25722809424  -0.602800349723  -0.907557565854  -1.75830019104  -1.82678152088  -1.67371918741  -1.59527256785  -1.67774498693  -1.75307820771  -1.75880019943  -1.72749656817  -1.75502784672  -1.73734648016  1.88478916146 ]
INFO:root:Testing accuracy...
INFO:root:Number of correct delayed flight predictions was: 1451
INFO:root:Number of incorrrect delay flight predictions was: 74
INFO:root:Number of correct on time flight predictions was: 248
INFO:root:Number of incorrect on time flight predictions was: 1277
INFO:root:Average accuracy was: 0.557
INFO:root:Average error was: 0.443
INFO:root:Testing with 3 layer(s) and 3 nodes per layer
INFO:root:Creating neural network...
INFO:root:Training neural network...
INFO:root:Weights learned: [ 2.68683363482  2.13766833095  1.42653000717  0.341068225582  -2.3162647738  6.94463086838  8.80703400807  6.88171689525  0.876953741972  -6.84627073471  1.75311907676  0.605008146418  0.55455292929  -0.0532343732146  -2.0328070861  1.44093145462  3.90940352546  0.597869905666  -2.67947885995  1.47474596097  4.22591223251  0.686888808428  -3.07010542403  0.834305000291  5.42290553325  0.484345832601  -3.97629137561  -1.90357498214  -2.00718487517  -2.72558646691  0.0453103681101  -1.37213231244  -1.70795988454  -2.36169030516  -0.436145087986  -1.68090972601  -1.86799160439  -2.32604873484  -0.276558490085  -2.24553527011  -2.24675509231  -2.27403489315  1.26467671713 ]
INFO:root:Testing accuracy...
INFO:root:Number of correct delayed flight predictions was: 1464
INFO:root:Number of incorrrect delay flight predictions was: 61
INFO:root:Number of correct on time flight predictions was: 218
INFO:root:Number of incorrect on time flight predictions was: 1307
INFO:root:Average accuracy was: 0.551
INFO:root:Average error was: 0.449
INFO:root:Testing with 3 layer(s) and 4 nodes per layer
INFO:root:Creating neural network...
INFO:root:Training neural network...
INFO:root:Weights learned: [ 5.84460086107  7.6589827067  5.79323605716  -0.0113461207402  -5.89996021511  4.34724170844  4.24742013827  3.24114749438  0.733273346673  -3.62366607578  4.31650161309  4.02608632054  4.10557754886  0.0211267505601  -3.92703473583  1.59047510303  -0.0140405794724  0.462518222764  -0.338087705333  -1.78309262771  4.750097947  2.35455238282  2.9137686003  -0.327272602739  -5.47912627828  -2.03960869343  -1.29626218914  -1.48121371158  -1.02389100554  -0.17499898559  2.93507716818  1.91222390585  1.59117562979  0.602233632528  -3.31601844108  2.77245460217  1.77801220207  1.55383676466  0.159785984226  -2.94953458104  -3.24886632856  1.44092200254  -1.02826576088  -1.09591320741  -0.740253967121  -2.47508836833  0.87746170137  -1.64606715422  -1.00253309453  -0.825337129758  -2.14049220136  0.577905907761  -0.983732466707  -1.88549764235  -0.841286013602  -2.38682828689  1.22975489595  -1.95286689753  -1.1522250983  -0.766219187841  -2.04370244978  -1.95392938585  -1.90033596753  -2.01691033843  1.34465864137 ]
INFO:root:Testing accuracy...
INFO:root:Number of correct delayed flight predictions was: 1452
INFO:root:Number of incorrrect delay flight predictions was: 73
INFO:root:Number of correct on time flight predictions was: 242
INFO:root:Number of incorrect on time flight predictions was: 1283
INFO:root:Average accuracy was: 0.555
INFO:root:Average error was: 0.445
INFO:root:Testing with 3 layer(s) and 5 nodes per layer
INFO:root:Creating neural network...
INFO:root:Training neural network...
INFO:root:Weights learned: [ 0.0729072866698  -0.810468119356  -0.25951040543  0.260733052931  -1.41966021437  3.45489137236  3.05354928861  2.66715842566  0.0149840787828  -3.12018633808  5.47910490707  7.46075888057  6.17784063382  0.337917018499  -6.16253794258  5.20446768191  5.94042246336  4.50827641614  0.751353815845  -4.82104777826  -3.26097228439  -2.49267951072  -1.40011917041  0.103781696332  0.520444274618  -0.598547982703  1.67062252217  4.99256243708  2.96379404325  -1.92911291495  -4.60204696093  -0.474386912319  1.20219466667  3.08358782854  2.49789630036  -1.5337719794  -3.11919154863  0.0314610964313  -0.159513939019  0.362614342445  0.0617343403146  -0.764791265852  -1.45607002806  -0.24189183478  1.39004628091  2.30447392731  2.40296160792  -1.32793629025  -2.11243800973  0.182480080885  1.40434164094  2.05388215409  2.01275679975  -1.14550276446  -2.15707887037  -2.17261763509  -1.35971038186  -0.0831926862337  -1.28983467639  -1.17329996938  -0.651143942477  -1.70816948126  -1.54311950685  -0.719397373407  -1.32798864428  -0.923981869813  -0.641863697637  -2.22329218589  -1.17214724088  -0.0992814402591  -0.787763882379  -1.41957100871  -0.759166922008  -2.62210434254  -1.2569917561  -0.25346832502  -0.972391281923  -0.766608743011  -0.693071588543  -2.32457853644  -1.52993412356  -0.171850783463  -0.928956865511  -0.591431525421  -0.804038339291  -1.97571478489  -1.91513691616  -1.9809278438  -1.93084413698  -1.93379880995  1.316101247 ]
INFO:root:Testing accuracy...
INFO:root:Number of correct delayed flight predictions was: 1457
INFO:root:Number of incorrrect delay flight predictions was: 68
INFO:root:Number of correct on time flight predictions was: 236
INFO:root:Number of incorrect on time flight predictions was: 1289
INFO:root:Average accuracy was: 0.555
INFO:root:Average error was: 0.445
INFO:root:Testing with 3 layer(s) and 6 nodes per layer
INFO:root:Creating neural network...
INFO:root:Training neural network...
INFO:root:Weights learned: [ 0.129855130067  0.248693425139  0.238285606298  -0.0330811801209  -1.09629989112  4.76757958086  4.95212800531  4.37028258018  0.0701888102354  -4.39612676032  4.09444796212  3.85598132778  3.48955500943  0.429891163176  -3.70508516033  3.83217956565  3.97733749406  4.01158135071  0.383324836227  -3.95624915141  -1.82313961757  -1.64574230937  -1.27267117594  0.317549592201  0.531072875022  -0.814673962095  -0.79509844976  -0.78017958852  0.283280984122  -0.378983365333  -0.520687064698  3.74960665148  3.26453525722  3.54537555006  -2.02783448201  -1.45170010473  -4.20171729282  -0.374709136316  2.68551948339  1.76410285093  2.07151599663  -1.00867884446  -0.522790618745  -1.94198699031  0.312052110265  2.44381920219  1.45825539535  1.29467254603  -0.627284227401  -0.216206917492  -2.1637407047  -0.00261656267825  0.146511669686  0.495870933636  0.517325982193  -0.188328774657  0.127151960752  -1.03427943781  0.103405661137  0.498838831286  -0.130698061642  0.563307734215  -0.699424808816  -0.0547052621703  -0.779684808763  0.242359934918  1.3188456291  1.51896973601  1.21220643774  -1.0435248238  -0.589897961768  -1.33989704515  -2.11715414411  -0.827249494494  -0.784553057759  -0.0125346090251  -0.659799062212  -0.272293217637  -0.596420891216  -2.47401254984  -1.54171407509  -1.17456631352  -0.465732294779  -0.102136359839  -0.686033458603  0.123659943275  -2.44425593271  -0.789818393863  -0.777459504549  -0.309262340663  0.0964222951123  -0.863228141582  -0.343980985161  -1.8040671472  -1.12179336951  -0.607684788898  -0.498133446102  -0.401669638224  -0.460708263991  -0.495919445663  -2.40694754507  -1.06635924416  -1.0688194824  0.0921723956734  -0.177540840752  -1.05360841309  -0.12379794083  -1.17875100114  -0.786433865043  -0.915652697677  -0.89672871079  -0.700595712868  -0.801754819706  -0.348889935198  -1.54982983978  -1.62596540469  -1.61037858128  -1.49751764371  -1.63482735736  -1.29614165826  1.46885667351 ]
INFO:root:Testing accuracy...
INFO:root:Number of correct delayed flight predictions was: 1450
INFO:root:Number of incorrrect delay flight predictions was: 75
INFO:root:Number of correct on time flight predictions was: 254
INFO:root:Number of incorrect on time flight predictions was: 1271
INFO:root:Average accuracy was: 0.559
INFO:root:Average error was: 0.441
INFO:root:Testing with 3 layer(s) and 7 nodes per layer
INFO:root:Creating neural network...
INFO:root:Training neural network...
INFO:root:Weights learned: [ 0.559983535339  0.120531352609  -0.0940747902046  0.135591342249  -1.71091082012  5.93205291548  6.75912315342  5.25447868713  -0.110134972715  -5.46376497646  0.0325608261629  -0.605185168448  -0.332240851932  0.18629542154  -1.30433601048  4.91866511333  5.36768870761  5.28110046174  0.226604204941  -5.09027851087  1.43332727618  0.650807489641  0.503345067972  0.117521139414  -2.08501448989  0.154424727169  -0.690395968069  -0.0573975527172  0.301090535701  -1.43544245344  3.63238046188  3.22049943596  2.57631946727  0.168357433009  -3.17871691754  0.0636183756656  1.85136491596  0.300612151693  1.37403434499  0.505110256538  0.372282256918  0.900005977669  -2.31692959904  -0.21950833746  2.34502370869  -0.293131061251  1.8816086188  0.422133983807  -0.561027712166  1.04343391806  -2.31362884656  -0.207835821605  1.8517010529  -0.0668127702072  1.83755858462  -0.149503206719  0.196937623047  0.43324051221  -2.03823128541  0.345734581107  1.74153549078  -0.2394204812  1.04826078756  -0.138900027914  -0.0931856633335  1.04411877872  -1.88659589689  0.0598463032451  1.45310386357  0.154944848097  0.924009406295  0.669938832242  0.0369117432835  0.655053121354  -1.92461730953  -0.325111892569  2.73862130138  -0.821033928467  3.28144068611  0.0568329928785  -0.257677079044  1.98206210386  -3.89345581943  0.238958931566  3.6409349392  -0.446303742377  2.84675800432  0.499153114044  -0.806552530628  1.47629224578  -4.13550960374  -0.59991656998  -1.1236292673  -0.63792311087  -0.698742137639  -0.881941232018  -1.06613764726  -1.43876351858  -0.419984206413  -0.725373258417  -0.373165700548  -0.697476532811  -0.252459520242  -0.675980900743  -1.41017715058  -1.23744223112  -0.859413942401  -0.511830124556  -0.987379009587  -0.716619444957  -0.841072682419  -0.36860990387  -1.41597548306  -1.26349702664  -0.538975807478  -0.415309442075  -0.596634559799  -0.610305958921  -0.914086579026  -0.827167224734  -1.48855140704  -1.82345696874  -0.331341175758  -1.2755448547  -0.781060352775  -0.286558589661  -0.574467710198  -0.293358805469  -1.56655630416  -1.67633983589  -0.423399759176  -0.64498660574  -0.432278019367  -1.12433180347  -0.451072225214  -0.736578320455  -1.20107226166  -1.67515199616  -0.490485330187  -0.848758495194  -1.42823054966  -0.710687686303  -0.583773862495  -0.41852123966  -1.66077093048  -1.4229990645  -0.224498069775  -1.46392380038  -1.48939623516  -1.48980823788  -1.4590682024  -1.49363299659  -1.46528625705  -1.46836643168  1.41000524054 ]
INFO:root:Testing accuracy...
INFO:root:Number of correct delayed flight predictions was: 1451
INFO:root:Number of incorrrect delay flight predictions was: 74
INFO:root:Number of correct on time flight predictions was: 250
INFO:root:Number of incorrect on time flight predictions was: 1275
INFO:root:Average accuracy was: 0.558
INFO:root:Average error was: 0.442
INFO:root:Testing with 3 layer(s) and 8 nodes per layer
INFO:root:Creating neural network...
INFO:root:Training neural network...
INFO:root:Weights learned: [ -1.66607243592  -1.90844265846  -0.792174367034  0.0159489276599  -0.0460461736838  3.33150110666  2.94393620771  2.23344749803  -0.0777143989064  -3.23609067786  4.33024028638  3.91035818041  2.93379923708  0.300726718796  -3.64635185175  3.71902750599  4.01392137752  3.27210065982  0.231041067095  -3.91829810931  4.64005377525  6.26228964682  5.02449963183  0.228274925333  -5.31913740273  1.52335473289  1.17340741916  1.37617073309  -0.170694371277  -2.55059914449  -2.64731391506  -2.36362174905  -1.51167941704  0.0103066790283  0.642174090175  4.7413157986  5.86954076524  5.50385292244  0.250962985965  -5.44790911433  -0.834495564628  0.660033444551  0.681071035678  0.890761738621  1.38019474666  0.0850526688918  -0.348799005997  1.49388405205  -2.14344565186  -1.08253376389  0.988327386858  1.12691947895  1.04463425154  2.48650219001  1.06263355783  -1.39803159079  2.26646699357  -3.35519703376  -1.47824962069  1.7310244757  1.84053616086  1.85880659238  2.97817528312  0.32757539329  -1.94273847156  3.42706981936  -4.59738550924  -0.178773619935  0.834596689987  1.08206398391  0.571205175439  1.63617896325  0.51754012353  -1.01601507914  1.1661171315  -2.12824834182  -0.783640549355  0.513702909162  0.762574252006  1.26116944042  0.950719115158  -0.0469376881329  -0.211395670742  1.57306572576  -2.17677762152  -0.846237619192  0.901187270634  1.50502090497  1.54473693172  1.26013120255  0.41328439808  -0.772024825159  1.23407694822  -2.19351140458  -0.69564508442  0.44591018328  1.1314059832  0.677494662001  1.42446465191  0.307493829945  -0.69705123781  1.19647325942  -1.98612596155  -0.0185069562503  0.778726572988  0.984031877615  1.54386790403  2.27653226166  0.342156501798  -1.1653085509  2.00736800189  -3.30642179503  -0.966253830248  -0.650532550777  -1.88901528876  -0.273338375733  -0.625039762339  -0.362566213877  -0.406120502331  -1.23835082084  -0.878894511483  -0.573305559336  -1.08029714028  -1.39168374008  -0.695580291268  -0.84755546044  -0.355427540528  -0.592885849475  -0.956416339733  -0.875451715577  -0.634028060134  -0.525952915123  -1.361698414  -0.78129518977  -0.289751211112  -1.04739451531  -0.394532890558  -0.625126083878  -1.10183779503  -0.508948872036  -1.03678452456  -1.98861052496  -0.337416924912  -0.253264607496  -0.868084160931  -0.436275884756  -1.03126864212  -0.855133458015  -0.772545885894  -0.702286382033  -1.72412972734  -0.544771630744  -0.641988108164  -0.841174780614  -0.349365086314  -0.571335795334  -0.950626266806  -0.196749901671  -1.55634468161  -1.22776704215  -0.983153788486  -0.418593178011  -0.413565270688  -0.644903625741  -1.01169551556  -0.897876923599  -0.0909681734437  -1.39154554121  -1.46224476154  -0.238865607528  -0.411882699198  -0.80700948594  -0.829008596512  -1.20968755307  -0.89324469843  -0.791130844048  -1.10216261615  -1.45185375881  -0.933845228502  -0.89646932717  -0.534134460935  -0.682421257081  -0.504832664832  -0.736933361088  -1.52036231561  -1.53853082056  -1.53790176055  -1.5057883596  -1.54460110311  -1.54094488595  -1.53274741234  -1.51583224181  1.36604366831 ]
INFO:root:Testing accuracy...
INFO:root:Number of correct delayed flight predictions was: 1453
INFO:root:Number of incorrrect delay flight predictions was: 72
INFO:root:Number of correct on time flight predictions was: 243
INFO:root:Number of incorrect on time flight predictions was: 1282
INFO:root:Average accuracy was: 0.556
INFO:root:Average error was: 0.444
INFO:root:Testing with 3 layer(s) and 9 nodes per layer
INFO:root:Creating neural network...
INFO:root:Training neural network...
INFO:root:Weights learned: [ 1.14354019729  0.327941865191  0.246524166002  0.0816877953742  -0.637490899964  0.200922614195  0.578531950755  0.654310881201  0.513443812982  -0.450558363985  1.16777609661  0.923469271333  0.351008019891  0.417798739102  -0.988930760034  1.31757765029  0.504924257821  1.14957064317  -0.195396839422  -0.85819222074  -0.555172015406  -0.22673917986  -0.199946885413  0.962061064745  0.850241558933  4.25158817255  2.93352086409  3.12024311271  0.253972115828  -3.20610300418  0.997324732299  0.338276296886  1.11892959351  0.228618008263  -0.912179260889  2.4934457043  1.13430772576  1.63136312047  0.421981811637  -1.80212547208  2.42958244114  1.25539204599  2.03320501501  -0.375435582218  -1.74719054567  -0.107460300335  0.185173109686  0.346853074372  0.374922750486  -0.460564629544  1.83968792466  0.253728741347  1.13701168533  0.943238691333  -1.74755886255  0.0209093151994  -0.32477661486  0.134808266151  0.0523018876209  -1.21976957507  3.27660754918  0.931386714877  0.830280206698  1.69511450705  -2.45886071055  0.626090656366  0.787624824457  0.770843604051  0.646965088749  0.103573151561  0.54798323526  0.357945193899  0.0135103136394  0.64978788391  0.135110086336  0.206712274331  0.366478456016  -0.259087593883  0.267424945961  -0.755711493388  1.94192350847  0.0993638515879  0.71098193842  0.418576354559  -0.937130910325  0.231880021036  0.0878153518278  0.611769519557  0.721487959937  -0.855811757922  2.40173589632  -0.0550745288632  1.28555946535  1.02544792384  -2.21476726814  0.196287848258  -0.387545490204  0.489661040015  0.603689938304  -0.801874025655  1.31155456484  -0.151642820385  0.985067470272  1.15422653531  -1.01983615278  -0.364794228675  -0.347620642847  0.590051344904  -0.0887452943908  0.0769517985642  0.834449327769  0.542880791444  0.594793711875  0.375454124675  -0.110795315156  0.107646104194  0.244612757852  -0.0344749437771  0.374799095522  -0.462254909077  0.983885650864  0.0488119203441  0.975365755963  0.883237395873  -1.05971680554  0.654345913805  0.970854429083  0.414402646947  0.789064038062  0.336925186523  0.855881028061  0.529658973872  0.979811171651  0.151666045012  0.996747715344  -0.390982352917  -1.13321503228  -0.126080548129  -1.13566016167  -0.80293571579  -0.983662504098  -0.175369732347  -0.618007221713  0.298002900818  0.508790864892  -0.841395498633  -0.925136455793  -0.679497968664  -0.0274190501364  -0.40782271185  -0.555327135731  -0.263884043869  -0.360162050859  0.376710409324  -0.157618146653  -0.832343492906  -0.600649095107  0.209591528843  -0.450276048347  -1.05767950518  -0.00575985593879  -0.312490721419  -0.828240865609  -0.195808666172  0.0371503086109  -1.04002939127  -0.994210225165  -0.101811102973  -0.188735337483  -0.369554214181  -0.94374647461  -0.400952301506  -0.205483789284  0.170739560743  0.00242332144708  -0.556253763982  -1.75379850162  0.197400899223  -0.705850984456  -0.718385188723  -0.282326726838  -0.412799219049  -0.566272034308  0.180543017624  0.210805915036  -0.620411814396  -0.355315323224  -0.782473699966  -0.063320104471  -0.384527887727  -0.921271129354  -0.18779432685  -0.179915042261  -0.297023085625  0.0386094848257  -0.626925588164  -1.18333722746  0.231187377638  -0.736649401347  -1.37198316102  -0.839105821788  -0.55268379886  -0.741006154085  0.355326560946  0.659760871724  -0.803191915241  -1.00978320648  -0.476019875726  -0.708909510511  -1.16013536584  -0.541227004096  0.0681499063967  -0.293011142831  -0.08758460187  0.706763550276  -1.16180199748  -1.89222647006  0.300481644311  -0.819087832403  -1.65382106078  -0.639068490434  -0.365266979528  -0.528163183052  0.63414697236  0.731724827385  -1.48810420794  -1.15186437952  -1.21756755794  -1.25072814067  -1.52000344537  -0.940814840068  -1.60351570149  -1.46348806876  -1.92461834459  1.82503975404 ]
INFO:root:Testing accuracy...
INFO:root:Number of correct delayed flight predictions was: 1420
INFO:root:Number of incorrrect delay flight predictions was: 105
INFO:root:Number of correct on time flight predictions was: 313
INFO:root:Number of incorrect on time flight predictions was: 1212
INFO:root:Average accuracy was: 0.568
INFO:root:Average error was: 0.432
INFO:root:Testing with 3 layer(s) and 10 nodes per layer
INFO:root:Creating neural network...
INFO:root:Training neural network...
INFO:root:Weights learned: [ 0.753360858094  0.3338500608  0.897514082057  0.0347785903316  0.0985891572266  1.23484084989  0.931611328018  0.198757668897  0.871006544446  -0.272725185833  0.985802897087  0.240855512324  0.0324191486511  0.279374970225  0.116778683752  0.835026685577  0.262745543052  0.895449682878  0.223555483808  0.0644406856183  0.397128039349  0.329768377709  0.19881295217  0.341152873735  0.501642835075  0.248585403717  0.16540924586  0.587896679621  0.239287535192  0.283058432236  0.70083611674  0.380475811591  0.697019085006  0.641185491  0.300108655432  1.11708018022  0.605046645468  0.550948177955  -0.0450352764504  -0.191503049866  1.03833959249  0.338554284756  0.165839484809  0.458606041449  -0.00260218681816  0.815775380862  0.216667192571  0.682038957479  0.645723302457  0.59272325747  -0.0901426449778  0.635854255122  -0.149233151455  0.711569744087  0.587663563155  -0.267232152778  -0.218759209984  0.720685627673  -0.0262773174375  0.170988945625  -0.217575722984  0.808848277128  0.567554106419  0.527252896664  0.684380464924  0.577512810195  0.380125545578  0.433160499615  -0.0248467429276  0.0593656409783  0.468893540991  0.208242946607  0.737885110915  0.860180420105  0.234998783311  0.732131479902  0.229195551611  -0.0609066209874  -0.0954645017789  0.0165339867603  0.416740222163  0.128216401973  0.455133848512  0.258911931126  0.772958231343  0.00472323193203  0.307117430993  0.416789423583  0.833281448355  0.20773099309  0.930667710481  0.450678108525  0.806694698735  0.760589448664  0.407802430605  0.0454696206846  0.431438117387  0.225600739598  0.491818927814  0.242163478203  0.0524906391586  0.408395320713  -0.0471916914134  0.548194596942  0.491864471182  0.356850145008  0.0120463166831  0.746208334923  -0.0752218318441  0.351720337424  0.0732671099329  0.0221953087789  0.386180888101  -0.0275630113211  0.444047103468  0.12874210978  0.383790238747  0.384524474718  -0.0561765400168  0.341333372963  0.479853272283  0.512950484476  0.620061755674  0.0809187149602  0.295709093634  -0.0899537292887  -0.0300422305429  0.632826293131  0.523371330754  0.640856369511  0.460141760292  0.233318403053  0.243976024727  0.477878478036  0.484808335579  0.453717528244  -0.041627232014  0.63688499885  -0.0785131646816  0.316907653897  0.783479744006  0.175931231587  -0.000463336230703  0.623272622076  0.786120123739  0.433763070949  0.578574595691  -0.134593917728  0.69627673692  0.288278963079  0.395517975268  0.513275535165  -0.0804858673127  0.289202078934  0.794449584911  0.408350584141  0.168825014039  0.631962321714  0.709897217077  0.247974493143  -0.279011044828  -0.14055496294  -0.461853323247  -0.643839409861  -0.134521863606  -0.627072038311  -0.136333140855  -0.329158946044  -0.596590189396  0.0835099006592  -0.655670812228  -0.744997411083  0.226378629237  -0.248634856869  -0.0782870337988  0.0555836000075  -0.441404450862  -0.101735185569  -0.619183174458  -0.435409623998  -0.61284386245  -0.551196330084  -0.513698763177  -0.724884857377  -0.21047955001  0.086024822837  -0.319031572486  -0.201067356577  -0.410016313994  -0.0980896324885  -0.521284612999  -0.138229923746  -0.607161508659  -0.518520052642  -0.075150396222  -0.663930318079  -0.386048142299  -0.424246627413  0.00381766834971  -0.609667154489  -0.0418672236719  -0.575764317372  0.0357491191794  -0.314480524648  -0.489844536825  -0.0248247584619  -0.649415891822  0.0900982367698  -0.455917424143  -0.309634225893  -0.0544182596416  -0.159319502223  -0.320129870798  -0.66936891786  -0.663488632772  -0.583730056394  0.0671923067119  -0.402985821419  -0.290840810082  -0.212221037894  -0.189057593502  -0.81166919963  -0.00678990397073  -0.381580889912  -0.305336429151  0.0286318845283  -0.363339689722  -0.393407518477  -0.511625100661  -0.264325248513  0.106032090309  0.00111211893329  -0.879415548654  -0.723405165078  -0.441042926498  0.116488094483  -0.465593562625  -0.510178456353  -0.147300112911  -0.170721516527  -0.00218063079573  -0.115232089925  -0.0126317186807  -0.929016435086  -0.667243868854  -0.393482627383  -0.136234591463  -0.506325409295  -0.435205301593  0.24178096824  -0.657433738469  0.0386798198996  -0.526703563391  -0.623275991686  0.140820387511  -0.673370680934  -0.2616815285  -0.414420261094  -0.265572125555  -0.689105021793  -0.610843700807  -0.522745294407  -0.350184290402  -0.117931243401  -0.147780234482  0.0966936414557  -0.242350744854  -0.459895406989  -0.50228140384  0.187150596166  -0.55998192946  -0.670917165866  -0.64150971959  -0.658371611669  -0.623944596167  -0.795186192558  -0.576197001858  -0.638031500933  -0.712443535513  -0.714866513674  0.259285613397 ]
INFO:root:Testing accuracy...
INFO:root:Number of correct delayed flight predictions was: 1409
INFO:root:Number of incorrrect delay flight predictions was: 116
INFO:root:Number of correct on time flight predictions was: 349
INFO:root:Number of incorrect on time flight predictions was: 1176
INFO:root:Average accuracy was: 0.576
INFO:root:Average error was: 0.424
INFO:root:Best accuracy (0.5764) was achieved with 3 layer(s) and 10 nodes per layer
